# JRE version: OpenJDK Runtime Environment (21.0.10) (build 21.0.10+-14961533-b1163.108)
# Java VM: OpenJDK 64-Bit Server VM (21.0.10+-14961533-b1163.108, mixed mode, tiered, compressed oops, compressed class ptrs, g1 gc, windows-amd64)
GC Precious Log:
 CardTable entry size: 512
 Card Set container configuration: InlinePtr #cards 5 size 8 Array Of Cards #cards 12 size 40 Howl #buckets 4 coarsen threshold 1843 Howl Bitmap #cards 512 size 80 coarsen threshold 460 Card regions per heap region 1 cards per card region 2048
 CPUs: 4 total, 4 available
 Memory: 7930M
 Large Page Support: Disabled
 NUMA Support: Disabled
 Compressed Oops: Enabled (32-bit)
 Heap Region Size: 1M
 Heap Min Capacity: 8M
 Heap Initial Capacity: 124M
 Heap Max Capacity: 2G
 Pre-touch: Disabled
 Parallel Workers: 4
 Concurrent Workers: 1
 Concurrent Refinement Workers: 4
 Periodic GC: Disabled
Heap:
 garbage-first heap   total 124928K, used 75148K [0x0000000080000000, 0x0000000100000000)
  region size 1024K, 5 young (5120K), 5 survivors (5120K)
 Metaspace       used 85833K, committed 87872K, reserved 1179648K
  class space    used 12001K, committed 12992K, reserved 1048576K
GC Heap History (20 events):
Event: 25.689 GC heap after
{Heap after GC invocations=20 (full 0):
 garbage-first heap   total 88064K, used 48299K [0x0000000080000000, 0x0000000100000000)
  region size 1024K, 5 young (5120K), 5 survivors (5120K)
 Metaspace       used 71070K, committed 72960K, reserved 1114112K
  class space    used 10191K, committed 11072K, reserved 1048576K
}
Event: 27.368 GC heap before
{Heap before GC invocations=21 (full 0):
 garbage-first heap   total 88064K, used 80043K [0x0000000080000000, 0x0000000100000000)
  region size 1024K, 37 young (37888K), 5 survivors (5120K)
 Metaspace       used 71599K, committed 73536K, reserved 1114112K
  class space    used 10217K, committed 11136K, reserved 1048576K
}
Event: 27.380 GC heap after
{Heap after GC invocations=22 (full 0):
 garbage-first heap   total 89088K, used 50753K [0x0000000080000000, 0x0000000100000000)
  region size 1024K, 5 young (5120K), 5 survivors (5120K)
 Metaspace       used 71599K, committed 73536K, reserved 1114112K
  class space    used 10217K, committed 11136K, reserved 1048576K
}
Event: 28.650 GC heap before
{Heap before GC invocations=22 (full 0):
 garbage-first heap   total 89088K, used 80449K [0x0000000080000000, 0x0000000100000000)
  region size 1024K, 35 young (35840K), 5 survivors (5120K)
 Metaspace       used 71798K, committed 73664K, reserved 1114112K
  class space    used 10218K, committed 11136K, reserved 1048576K
}
Event: 28.662 GC heap after
{Heap after GC invocations=23 (full 0):
 garbage-first heap   total 90112K, used 51324K [0x0000000080000000, 0x0000000100000000)
  region size 1024K, 4 young (4096K), 4 survivors (4096K)
 Metaspace       used 71798K, committed 73664K, reserved 1114112K
  class space    used 10218K, committed 11136K, reserved 1048576K
}
Event: 29.569 GC heap before
{Heap before GC invocations=23 (full 0):
 garbage-first heap   total 90112K, used 82044K [0x0000000080000000, 0x0000000100000000)
  region size 1024K, 35 young (35840K), 4 survivors (4096K)
 Metaspace       used 71810K, committed 73664K, reserved 1114112K
  class space    used 10218K, committed 11136K, reserved 1048576K
}
Event: 29.576 GC heap after
{Heap after GC invocations=24 (full 0):
 garbage-first heap   total 90112K, used 52172K [0x0000000080000000, 0x0000000100000000)
  region size 1024K, 3 young (3072K), 3 survivors (3072K)
 Metaspace       used 71810K, committed 73664K, reserved 1114112K
  class space    used 10218K, committed 11136K, reserved 1048576K
}
Event: 30.395 GC heap before
{Heap before GC invocations=25 (full 0):
 garbage-first heap   total 90112K, used 88012K [0x0000000080000000, 0x0000000100000000)
  region size 1024K, 31 young (31744K), 3 survivors (3072K)
 Metaspace       used 72285K, committed 74176K, reserved 1114112K
  class space    used 10281K, committed 11200K, reserved 1048576K
}
Event: 30.405 GC heap after
{Heap after GC invocations=26 (full 0):
 garbage-first heap   total 99328K, used 66358K [0x0000000080000000, 0x0000000100000000)
  region size 1024K, 5 young (5120K), 5 survivors (5120K)
 Metaspace       used 72285K, committed 74176K, reserved 1114112K
  class space    used 10281K, committed 11200K, reserved 1048576K
}
Event: 30.850 GC heap before
{Heap before GC invocations=26 (full 0):
 garbage-first heap   total 99328K, used 88886K [0x0000000080000000, 0x0000000100000000)
  region size 1024K, 27 young (27648K), 5 survivors (5120K)
 Metaspace       used 73837K, committed 75776K, reserved 1114112K
  class space    used 10463K, committed 11392K, reserved 1048576K
}
Event: 30.862 GC heap after
{Heap after GC invocations=27 (full 0):
 garbage-first heap   total 99328K, used 69379K [0x0000000080000000, 0x0000000100000000)
  region size 1024K, 2 young (2048K), 2 survivors (2048K)
 Metaspace       used 73837K, committed 75776K, reserved 1114112K
  class space    used 10463K, committed 11392K, reserved 1048576K
}
Event: 31.471 GC heap before
{Heap before GC invocations=27 (full 0):
 garbage-first heap   total 99328K, used 90883K [0x0000000080000000, 0x0000000100000000)
  region size 1024K, 23 young (23552K), 2 survivors (2048K)
 Metaspace       used 75375K, committed 77376K, reserved 1179648K
  class space    used 10682K, committed 11648K, reserved 1048576K
}
Event: 31.474 GC heap after
{Heap after GC invocations=28 (full 0):
 garbage-first heap   total 99328K, used 70046K [0x0000000080000000, 0x0000000100000000)
  region size 1024K, 3 young (3072K), 3 survivors (3072K)
 Metaspace       used 75375K, committed 77376K, reserved 1179648K
  class space    used 10682K, committed 11648K, reserved 1048576K
}
Event: 32.225 GC heap before
{Heap before GC invocations=29 (full 0):
 garbage-first heap   total 117760K, used 90526K [0x0000000080000000, 0x0000000100000000)
  region size 1024K, 24 young (24576K), 3 survivors (3072K)
 Metaspace       used 77343K, committed 79360K, reserved 1179648K
  class space    used 10872K, committed 11840K, reserved 1048576K
}
Event: 32.230 GC heap after
{Heap after GC invocations=30 (full 0):
 garbage-first heap   total 117760K, used 70417K [0x0000000080000000, 0x0000000100000000)
  region size 1024K, 2 young (2048K), 2 survivors (2048K)
 Metaspace       used 77343K, committed 79360K, reserved 1179648K
  class space    used 10872K, committed 11840K, reserved 1048576K
}
Event: 33.294 GC heap before
{Heap before GC invocations=30 (full 0):
 garbage-first heap   total 117760K, used 106257K [0x0000000080000000, 0x0000000100000000)
  region size 1024K, 38 young (38912K), 2 survivors (2048K)
 Metaspace       used 81110K, committed 83136K, reserved 1179648K
  class space    used 11319K, committed 12288K, reserved 1048576K
}
Event: 33.300 GC heap after
{Heap after GC invocations=31 (full 0):
 garbage-first heap   total 117760K, used 71048K [0x0000000080000000, 0x0000000100000000)
  region size 1024K, 3 young (3072K), 3 survivors (3072K)
 Metaspace       used 81110K, committed 83136K, reserved 1179648K
  class space    used 11319K, committed 12288K, reserved 1048576K
}
Event: 33.591 GC heap before
{Heap before GC invocations=31 (full 0):
 garbage-first heap   total 117760K, used 78216K [0x0000000080000000, 0x0000000100000000)
  region size 1024K, 11 young (11264K), 3 survivors (3072K)
 Metaspace       used 81991K, committed 84032K, reserved 1179648K
  class space    used 11478K, committed 12480K, reserved 1048576K
}
Event: 33.596 GC heap after
{Heap after GC invocations=32 (full 0):
 garbage-first heap   total 117760K, used 71441K [0x0000000080000000, 0x0000000100000000)
  region size 1024K, 3 young (3072K), 3 survivors (3072K)
 Metaspace       used 81991K, committed 84032K, reserved 1179648K
  class space    used 11478K, committed 12480K, reserved 1048576K
}
Event: 34.866 GC heap before
{Heap before GC invocations=33 (full 0):
 garbage-first heap   total 124928K, used 110353K [0x0000000080000000, 0x0000000100000000)
  region size 1024K, 39 young (39936K), 3 survivors (3072K)
 Metaspace       used 85833K, committed 87872K, reserved 1179648K
  class space    used 12001K, committed 12992K, reserved 1048576K
}

