# JRE version: OpenJDK Runtime Environment (21.0.10) (build 21.0.10+-14961533-b1163.108)
# Java VM: OpenJDK 64-Bit Server VM (21.0.10+-14961533-b1163.108, mixed mode, tiered, compressed oops, compressed class ptrs, g1 gc, windows-amd64)
GC Precious Log:
 CardTable entry size: 512
 Card Set container configuration: InlinePtr #cards 5 size 8 Array Of Cards #cards 12 size 40 Howl #buckets 4 coarsen threshold 1843 Howl Bitmap #cards 512 size 80 coarsen threshold 460 Card regions per heap region 1 cards per card region 2048
 CPUs: 4 total, 4 available
 Memory: 7930M
 Large Page Support: Disabled
 NUMA Support: Disabled
 Compressed Oops: Enabled (32-bit)
 Heap Region Size: 1M
 Heap Min Capacity: 8M
 Heap Initial Capacity: 124M
 Heap Max Capacity: 2G
 Pre-touch: Disabled
 Parallel Workers: 4
 Concurrent Workers: 1
 Concurrent Refinement Workers: 4
 Periodic GC: Disabled
Heap:
 garbage-first heap   total 105472K, used 76990K [0x0000000080000000, 0x0000000100000000)
  region size 1024K, 6 young (6144K), 2 survivors (2048K)
 Metaspace       used 84473K, committed 86464K, reserved 1179648K
  class space    used 11774K, committed 12736K, reserved 1048576K
GC Heap History (20 events):
Event: 25.484 GC heap before
{Heap before GC invocations=21 (full 0):
 garbage-first heap   total 76800K, used 70604K [0x0000000080000000, 0x0000000100000000)
  region size 1024K, 25 young (25600K), 2 survivors (2048K)
 Metaspace       used 74378K, committed 76160K, reserved 1114112K
  class space    used 10545K, committed 11392K, reserved 1048576K
}
Event: 25.489 GC heap after
{Heap after GC invocations=22 (full 0):
 garbage-first heap   total 76800K, used 48128K [0x0000000080000000, 0x0000000100000000)
  region size 1024K, 3 young (3072K), 3 survivors (3072K)
 Metaspace       used 74378K, committed 76160K, reserved 1114112K
  class space    used 10545K, committed 11392K, reserved 1048576K
}
Event: 26.693 GC heap before
{Heap before GC invocations=23 (full 0):
 garbage-first heap   total 80896K, used 70656K [0x0000000080000000, 0x0000000100000000)
  region size 1024K, 26 young (26624K), 3 survivors (3072K)
 Metaspace       used 77224K, committed 79104K, reserved 1179648K
  class space    used 11002K, committed 11904K, reserved 1048576K
}
Event: 26.699 GC heap after
{Heap after GC invocations=24 (full 0):
 garbage-first heap   total 80896K, used 49480K [0x0000000080000000, 0x0000000100000000)
  region size 1024K, 4 young (4096K), 4 survivors (4096K)
 Metaspace       used 77224K, committed 79104K, reserved 1179648K
  class space    used 11002K, committed 11904K, reserved 1048576K
}
Event: 29.773 GC heap before
{Heap before GC invocations=24 (full 0):
 garbage-first heap   total 80896K, used 74056K [0x0000000080000000, 0x0000000100000000)
  region size 1024K, 29 young (29696K), 4 survivors (4096K)
 Metaspace       used 78138K, committed 80000K, reserved 1179648K
  class space    used 11075K, committed 11968K, reserved 1048576K
}
Event: 29.788 GC heap after
{Heap after GC invocations=25 (full 0):
 garbage-first heap   total 82944K, used 52003K [0x0000000080000000, 0x0000000100000000)
  region size 1024K, 4 young (4096K), 4 survivors (4096K)
 Metaspace       used 78138K, committed 80000K, reserved 1179648K
  class space    used 11075K, committed 11968K, reserved 1048576K
}
Event: 30.969 GC heap before
{Heap before GC invocations=25 (full 0):
 garbage-first heap   total 82944K, used 75555K [0x0000000080000000, 0x0000000100000000)
  region size 1024K, 28 young (28672K), 4 survivors (4096K)
 Metaspace       used 78385K, committed 80256K, reserved 1179648K
  class space    used 11075K, committed 11968K, reserved 1048576K
}
Event: 30.978 GC heap after
{Heap after GC invocations=26 (full 0):
 garbage-first heap   total 82944K, used 53152K [0x0000000080000000, 0x0000000100000000)
  region size 1024K, 2 young (2048K), 2 survivors (2048K)
 Metaspace       used 78385K, committed 80256K, reserved 1179648K
  class space    used 11075K, committed 11968K, reserved 1048576K
}
Event: 31.871 GC heap before
{Heap before GC invocations=27 (full 0):
 garbage-first heap   total 91136K, used 75680K [0x0000000080000000, 0x0000000100000000)
  region size 1024K, 25 young (25600K), 2 survivors (2048K)
 Metaspace       used 78441K, committed 80320K, reserved 1179648K
  class space    used 11075K, committed 11968K, reserved 1048576K
}
Event: 31.875 GC heap after
{Heap after GC invocations=28 (full 0):
 garbage-first heap   total 91136K, used 53767K [0x0000000080000000, 0x0000000100000000)
  region size 1024K, 2 young (2048K), 2 survivors (2048K)
 Metaspace       used 78441K, committed 80320K, reserved 1179648K
  class space    used 11075K, committed 11968K, reserved 1048576K
}
Event: 32.812 GC heap before
{Heap before GC invocations=28 (full 0):
 garbage-first heap   total 91136K, used 83463K [0x0000000080000000, 0x0000000100000000)
  region size 1024K, 32 young (32768K), 2 survivors (2048K)
 Metaspace       used 78460K, committed 80320K, reserved 1179648K
  class space    used 11075K, committed 11968K, reserved 1048576K
}
Event: 32.819 GC heap after
{Heap after GC invocations=29 (full 0):
 garbage-first heap   total 91136K, used 54350K [0x0000000080000000, 0x0000000100000000)
  region size 1024K, 3 young (3072K), 3 survivors (3072K)
 Metaspace       used 78460K, committed 80320K, reserved 1179648K
  class space    used 11075K, committed 11968K, reserved 1048576K
}
Event: 33.521 GC heap before
{Heap before GC invocations=29 (full 0):
 garbage-first heap   total 91136K, used 72782K [0x0000000080000000, 0x0000000100000000)
  region size 1024K, 22 young (22528K), 3 survivors (3072K)
 Metaspace       used 78814K, committed 80704K, reserved 1179648K
  class space    used 11121K, committed 12032K, reserved 1048576K
}
Event: 33.528 GC heap after
{Heap after GC invocations=30 (full 0):
 garbage-first heap   total 91136K, used 56706K [0x0000000080000000, 0x0000000100000000)
  region size 1024K, 4 young (4096K), 4 survivors (4096K)
 Metaspace       used 78814K, committed 80704K, reserved 1179648K
  class space    used 11121K, committed 12032K, reserved 1048576K
}
Event: 34.340 GC heap before
{Heap before GC invocations=31 (full 0):
 garbage-first heap   total 99328K, used 92546K [0x0000000080000000, 0x0000000100000000)
  region size 1024K, 31 young (31744K), 4 survivors (4096K)
 Metaspace       used 80159K, committed 82048K, reserved 1179648K
  class space    used 11272K, committed 12160K, reserved 1048576K
}
Event: 34.357 GC heap after
{Heap after GC invocations=32 (full 0):
 garbage-first heap   total 105472K, used 72336K [0x0000000080000000, 0x0000000100000000)
  region size 1024K, 4 young (4096K), 4 survivors (4096K)
 Metaspace       used 80159K, committed 82048K, reserved 1179648K
  class space    used 11272K, committed 12160K, reserved 1048576K
}
Event: 35.055 GC heap before
{Heap before GC invocations=32 (full 0):
 garbage-first heap   total 105472K, used 95888K [0x0000000080000000, 0x0000000100000000)
  region size 1024K, 27 young (27648K), 4 survivors (4096K)
 Metaspace       used 81840K, committed 83712K, reserved 1179648K
  class space    used 11510K, committed 12416K, reserved 1048576K
}
Event: 35.061 GC heap after
{Heap after GC invocations=33 (full 0):
 garbage-first heap   total 105472K, used 73454K [0x0000000080000000, 0x0000000100000000)
  region size 1024K, 1 young (1024K), 1 survivors (1024K)
 Metaspace       used 81840K, committed 83712K, reserved 1179648K
  class space    used 11510K, committed 12416K, reserved 1048576K
}
Event: 35.706 GC heap before
{Heap before GC invocations=33 (full 0):
 garbage-first heap   total 105472K, used 97006K [0x0000000080000000, 0x0000000100000000)
  region size 1024K, 24 young (24576K), 1 survivors (1024K)
 Metaspace       used 83881K, committed 85824K, reserved 1179648K
  class space    used 11716K, committed 12608K, reserved 1048576K
}
Event: 35.711 GC heap after
{Heap after GC invocations=34 (full 0):
 garbage-first heap   total 105472K, used 73918K [0x0000000080000000, 0x0000000100000000)
  region size 1024K, 2 young (2048K), 2 survivors (2048K)
 Metaspace       used 83881K, committed 85824K, reserved 1179648K
  class space    used 11716K, committed 12608K, reserved 1048576K
}

